###############################################################################
#                                                                             #
#                                                       13/May/2011  16:01:44 #
# IAR C/C++ Compiler V5.20.2.30217/W32, Kickstart edition for MSP430          #
# Copyright 1996-2010 IAR Systems AB.                                         #
#                                                                             #
#    __rt_version  =  3                                                       #
#    __double_size =  32                                                      #
#    __reg_r4      =  free                                                    #
#    __reg_r5      =  free                                                    #
#    __pic         =  no                                                      #
#    __core        =  430X                                                    #
#    __data_model  =  small                                                   #
#    Source file   =  c:\Documents and Settings\a0196876\Desktop\F6733_Device #
#                     \E-Meter_Code_with_AUX\F6733\emeter-ng\EW105.tmp        #
#    Command line  =  "c:\Documents and Settings\a0196876\Desktop\F6733_Devic #
#                     e\E-Meter_Code_with_AUX\F6733\emeter-ng\EW105.tmp" -D   #
#                     "CUSTOM_EMETER_H=\"emeter-1ph-neutral-6733_shunt.h\""   #
#                     -D X_ZEBU_ -lcN "c:\Documents and                       #
#                     Settings\a0196876\Desktop\F6733_Device\E-Meter_Code_wit #
#                     h_AUX\F6733\emeter-ng\Debug\List\" -o "c:\Documents     #
#                     and Settings\a0196876\Desktop\F6733_Device\E-Meter_Code #
#                     _with_AUX\F6733\emeter-ng\Debug\Obj\" --debug           #
#                     -D__MSP430F6733__ -e --double=32 --dlib_config          #
#                     "c:\Program Files\IAR Systems\Embedded Workbench 6.04   #
#                     Kickstart_5.20\430\LIB\DLIB\dl430xsfn.h" -I             #
#                     "c:\Documents and Settings\a0196876\Desktop\F6733_Devic #
#                     e\E-Meter_Code_with_AUX\F6733\emeter-ng/../emeter-toolk #
#                     it\" --core=430X --data_model=small -Ohs                #
#                     --hw_workaround=CPU40 --predef_macros "c:\Documents     #
#                     and Settings\a0196876\Desktop\F6733_Device\E-Meter_Code #
#                     _with_AUX\F6733\emeter-ng\EW104.tmp"                    #
#    List file     =  c:\Documents and Settings\a0196876\Desktop\F6733_Device #
#                     \E-Meter_Code_with_AUX\F6733\emeter-ng\Debug\List\EW105 #
#                     .lst                                                    #
#    Object file   =  c:\Documents and Settings\a0196876\Desktop\F6733_Device #
#                     \E-Meter_Code_with_AUX\F6733\emeter-ng\Debug\Obj\EW105. #
#                     r43                                                     #
#                                                                             #
#                                                                             #
###############################################################################



 
 
 0 bytes of memory

Errors: none
Warnings: none
